This is pdfTeX, Version 3.14159265-2.6-1.40.17 (MiKTeX 2.9 64-bit) (preloaded format=pdflatex 2016.5.19)  26 NOV 2016 11:20
entering extended mode
**./MT_Lukas_Koc.tex
(MT_Lukas_Koc.tex
LaTeX2e <2016/03/31>
Babel <3.9r> and hyphenation patterns for 75 language(s) loaded.
(FITthesis.cls
Document Class: FITthesis 2013/05/06 CTU FIT standard class for theses
("C:\Users\Marek\AppData\Local\Programs\MiKTeX 2.9\tex\latex\memoir\memoir.cls"
Document Class: memoir 2016/05/16 v3.7f configurable book, report, article docu
ment class
\onelineskip=\skip41
\lxvchars=\skip42
\xlvchars=\skip43
\@memcnta=\count79
\c@@memmarkcntra=\count80
\l@nohyphenation=\language75

("C:\Users\Marek\AppData\Local\Programs\MiKTeX 2.9\tex\generic\oberdiek\ifpdf.s
ty"
Package: ifpdf 2016/05/14 v3.1 Provides the ifpdf switch
)
("C:\Users\Marek\AppData\Local\Programs\MiKTeX 2.9\tex\latex\ifetex\ifetex.sty"
Package: ifetex 2011/12/15 v1.2 ifetex
("C:\Users\Marek\AppData\Local\Programs\MiKTeX 2.9\tex\plain\ifetex\ifetex.tex"
))
("C:\Users\Marek\AppData\Local\Programs\MiKTeX 2.9\tex\generic\ifxetex\ifxetex.
sty"
Package: ifxetex 2010/09/12 v0.6 Provides ifxetex conditional
)
("C:\Users\Marek\AppData\Local\Programs\MiKTeX 2.9\tex\generic\oberdiek\ifluate
x.sty"
Package: ifluatex 2016/05/16 v1.4 Provides the ifluatex switch (HO)
Package ifluatex Info: LuaTeX not detected.
)
\stockheight=\skip44
\stockwidth=\skip45
\trimtop=\skip46
\trimedge=\skip47

("C:\Users\Marek\AppData\Local\Programs\MiKTeX 2.9\tex\latex\memoir\mem11.clo"
File: mem11.clo 2008/01/30 v0.3 memoir class 11pt size option
)
\binding=\skip48
\spinemargin=\skip49
\foremargin=\skip50
\uppermargin=\skip51
\lowermargin=\skip52
\headdrop=\skip53
\normalrulethickness=\skip54
\mem@maxheadheight=\skip55
\mem@maxfootheight=\skip56
\headwidth=\skip57
\c@storedpagenumber=\count81
\memPD=\dimen102
\m@mabparskip=\skip58
\thanksmarkwidth=\skip59
\thanksmarksep=\skip60
\droptitle=\skip61
\c@book=\count82
\c@part=\count83
\c@chapter=\count84
\c@section=\count85
\c@subsection=\count86
\c@subsubsection=\count87
\c@paragraph=\count88
\c@subparagraph=\count89
\beforechapskip=\skip62
\midchapskip=\skip63
\afterchapskip=\skip64
\chapindent=\skip65
\bottomsectionskip=\skip66
\secindent=\skip67
\beforesecskip=\skip68
\aftersecskip=\skip69
\subsecindent=\skip70
\beforesubsecskip=\skip71
\aftersubsecskip=\skip72
\subsubsecindent=\skip73
\beforesubsubsecskip=\skip74
\aftersubsubsecskip=\skip75
\paraindent=\skip76
\beforeparaskip=\skip77
\afterparaskip=\skip78
\subparaindent=\skip79
\beforesubparaskip=\skip80
\aftersubparaskip=\skip81
\pfbreakskip=\skip82
\c@@ppsavesec=\count90
\c@@ppsaveapp=\count91
\ragrparindent=\dimen103
\everylistparindent=\dimen104
\parsepi=\skip83
\topsepi=\skip84
\itemsepi=\skip85
\parsepii=\skip86
\topsepii=\skip87
\topsepiii=\skip88
\itemsepii=\skip89
\itemsepiii=\skip90
\partopsepii=\skip91
\partopsepiii=\skip92
\m@msavetopsep=\skip93
\m@msavepartopsep=\skip94
\@enLab=\toks14
\abstitleskip=\skip95
\absleftindent=\skip96
\abs@leftindent=\dimen105
\absrightindent=\skip97
\absparindent=\skip98
\absparsep=\skip99
\c@vslineno=\count92
\c@poemline=\count93
\c@modulo@vs=\count94
\c@memfvsline=\count95
\vleftskip=\skip100
\vrightskip=\skip101
\stanzaskip=\skip102
\versewidth=\skip103
\vgap=\skip104
\vindent=\skip105
\vleftmargin=\dimen106
\c@verse=\count96
\c@chrsinstr=\count97
\beforepoemtitleskip=\skip106
\afterpoemtitleskip=\skip107
\c@poem=\count98
\beforePoemTitleskip=\skip108
\midPoemTitleskip=\skip109
\afterPoemTitleskip=\skip110
\col@sep=\dimen107
\extrarowheight=\dimen108
\NC@list=\toks15
\extratabsurround=\skip111
\backup@length=\skip112
\TX@col@width=\dimen109
\TX@old@table=\dimen110
\TX@old@col=\dimen111
\TX@target=\dimen112
\TX@delta=\dimen113
\TX@cols=\count99
\TX@ftn=\toks16
\heavyrulewidth=\dimen114
\lightrulewidth=\dimen115
\cmidrulewidth=\dimen116
\belowrulesep=\dimen117
\belowbottomsep=\dimen118
\aboverulesep=\dimen119
\abovetopsep=\dimen120
\cmidrulesep=\dimen121
\cmidrulekern=\dimen122
\defaultaddspace=\dimen123
\@cmidla=\count100
\@cmidlb=\count101
\@aboverulesep=\dimen124
\@belowrulesep=\dimen125
\@thisruleclass=\count102
\@lastruleclass=\count103
\@thisrulewidth=\dimen126
\ctableftskip=\skip113
\ctabrightskip=\skip114
\abovecolumnspenalty=\count104
\@linestogo=\count105
\@cellstogo=\count106
\@cellsincolumn=\count107
\crtok=\toks17
\@mincolumnwidth=\dimen127
\c@newflo@tctr=\count108
\mem@margin@floatbox=\box26
\@contcwidth=\skip115
\@contindw=\skip116
\abovecaptionskip=\skip117
\belowcaptionskip=\skip118
\subfloattopskip=\skip119
\subfloatcapskip=\skip120
\subfloatcaptopadj=\skip121
\subfloatbottomskip=\skip122
\subfloatlabelskip=\skip123
\subfloatcapmargin=\dimen128
\c@@contsubnum=\count109
\m@mscap@capbox=\box27
\m@mscap@fbox=\box28
\sidecapsep=\dimen129
\sidecapwidth=\dimen130
\m@m@tempdima=\dimen131
\m@mscapraise=\dimen132
\sidecapraise=\dimen133
\m@mscapmainwidth=\dimen134
\m@mscaplkern=\dimen135
\beforeepigraphskip=\skip124
\afterepigraphskip=\skip125
\epigraphwidth=\skip126
\epigraphrule=\skip127
LaTeX Info: Redefining \em on input line 7551.
LaTeX Info: Redefining \emph on input line 7559.
\tocentryskip=\skip128
\tocbaseline=\skip129
\cftparskip=\skip130
\cftbeforebookskip=\skip131
\cftbookindent=\dimen136
\cftbooknumwidth=\dimen137
\cftbeforepartskip=\skip132
\cftpartindent=\skip133
\cftpartnumwidth=\skip134
\cftbeforechapterskip=\skip135
\cftchapterindent=\skip136
\cftchapternumwidth=\skip137
\cftbeforesectionskip=\skip138
\cftsectionindent=\skip139
\cftsectionnumwidth=\skip140
\cftbeforesubsectionskip=\skip141
\cftsubsectionindent=\skip142
\cftsubsectionnumwidth=\skip143
\cftbeforesubsubsectionskip=\skip144
\cftsubsubsectionindent=\skip145
\cftsubsubsectionnumwidth=\skip146
\cftbeforeparagraphskip=\skip147
\cftparagraphindent=\skip148
\cftparagraphnumwidth=\skip149
\cftbeforesubparagraphskip=\skip150
\cftsubparagraphindent=\skip151
\cftsubparagraphnumwidth=\skip152
\prechapterprecisshift=\dimen138
\c@maxsecnumdepth=\count110
\bibindent=\dimen139
\bibitemsep=\skip153
\indexcolsep=\skip154
\indexrule=\skip155
\indexmarkstyle=\toks18
\@indexbox=\insert199
\glossarycolsep=\dimen140
\glossaryrule=\dimen141
\sideparvshift=\skip156
\sideins=\insert198
\sidebartopsep=\skip157
\sidebarhsep=\skip158
\sidebarvsep=\skip159
\sidebarwidth=\skip160
\footmarkwidth=\skip161
\footmarksep=\skip162
\footparindent=\skip163
\footinsdim=\skip164
\footinsv@r=\insert197
\@mpfootinsv@r=\insert196
\m@m@k=\count111
\m@m@h=\dimen142
\m@mipn@skip=\skip165
\sidefootins=\insert195
\sidefootadjust=\skip166
\sidefootheight=\skip167
\sidefoothsep=\skip168
\sidefootvsep=\skip169
\sidefootwidth=\skip170
\m@mdownsf=\skip171
\c@sidefootnote=\count112
\sidefootmarkwidth=\skip172
\sidefootmarksep=\skip173
\sidefootparindent=\skip174
\c@pagenote=\count113
\c@pagenoteshadow=\count114
\mem@pn@lastkern=\skip175
\every@verbatim=\toks19
\afterevery@verbatim=\toks20
\verbatim@line=\toks21
\tab@position=\count115
\verbatim@in@stream=\read1
\verbatimindent=\skip176
\verbatim@out=\write3
\bvboxsep=\skip177
\c@memfbvline=\count116
\c@bvlinectr=\count117
\bvnumlength=\skip178
\fb@frw=\dimen143
\fb@frh=\dimen144
\FrameRule=\dimen145
\FrameSep=\dimen146
\c@cp@cntr=\count118
LaTeX Info: Redefining \: on input line 12068.
LaTeX Info: Redefining \! on input line 12070.
\c@ism@mctr=\count119
\c@xsm@mctr=\count120
\c@csm@mctr=\count121
\c@ksm@mctr=\count122
\c@xksm@mctr=\count123
\c@cksm@mctr=\count124
\c@msm@mctr=\count125
\c@xmsm@mctr=\count126
\c@cmsm@mctr=\count127
\c@bsm@mctr=\count128
\c@workm@mctr=\count129
\c@sheetsequence=\count130
\c@lastsheet=\count131
\c@lastpage=\count132
\c@figure=\count133
\c@lofdepth=\count134
\cftbeforefigureskip=\skip179
\cftfigureindent=\skip180
\cftfigurenumwidth=\skip181
\c@table=\count135
\c@lotdepth=\count136
\cftbeforetableskip=\skip182
\cfttableindent=\skip183
\cfttablenumwidth=\skip184
Package abstract [2008/07/23] emulated by memoir.
Package appendix [2008/07/23] emulated by memoir.
Package array [2008/09/09] emulated by memoir.
Package booktabs [2016/05/16] emulated by memoir.
Package ccaption [2008/07/23] emulated by memoir.
Package changepage [2008/07/23] emulated by memoir.
Package chngcntr [2008/07/23] emulated by memoir.
Package chngpage [2008/07/23] emulated by memoir.
Package crop emulated by memoir.
Package dcolumn [2008/07/23] emulated by memoir.
Package delarray [2008/07/23] emulated by memoir.
Package enumerate [2008/07/23] emulated by memoir.
Package epigraph [2008/07/23] emulated by memoir.
Package ifmtarg [2008/07/23] emulated by memoir.
Package index [2008/07/23] emulated by memoir.
Package makeidx [2008/07/23] emulated by memoir.
Package moreverb [2008/07/23] emulated by memoir.
Package mparhack [2008/07/23] emulated by memoir.
Package needspace [2008/07/23] emulated by memoir.
Package newfile [2008/07/23] emulated by memoir.
Package nextpage [2008/07/23] emulated by memoir.
Package pagenote [2008/07/23] emulated by memoir.
Package parskip [2008/07/23] emulated by memoir.
Package patchcmd [2008/07/23] emulated by memoir.
Package setspace [2008/07/23] emulated by memoir.
Package shortvrb [2008/07/23] emulated by memoir.
Package showidx [2008/07/23] emulated by memoir.
Package tabularx [2008/07/23] emulated by memoir.
Package titleref [2008/07/23] emulated by memoir.
Package titling [2008/07/23] emulated by memoir.
Package tocbibind [2008/07/23] emulated by memoir.
Package tocloft [2008/07/23] emulated by memoir.
Package tocvsec2 [2008/07/23] emulated by memoir.
Package verbatim [2008/07/23] emulated by memoir.
Package verse [2008/07/23] emulated by memoir.

("C:\Users\Marek\AppData\Local\Programs\MiKTeX 2.9\tex\latex\memoir\mempatch.st
y"
Package: mempatch 2009/07/24 v6.0f Patches for memoir class v1.6180339
))
("C:\Users\Marek\AppData\Local\Programs\MiKTeX 2.9\tex\generic\babel\babel.sty"
Package: babel 2016/04/23 3.9r The Babel package
*************************************
* Local config file bblopts.cfg used
*
("C:\Users\Marek\AppData\Local\Programs\MiKTeX 2.9\tex\latex\arabi\bblopts.cfg"
File: bblopts.cfg 2005/09/08 v0.1 add Arabic and Farsi to "declared" options of
 babel
)
("C:\Users\Marek\AppData\Local\Programs\MiKTeX 2.9\tex\latex\babel-english\engl
ish.ldf"
Language: english 2012/08/20 v3.3p English support from the babel system

("C:\Users\Marek\AppData\Local\Programs\MiKTeX 2.9\tex\generic\babel\babel.def"
File: babel.def 2016/04/23 3.9r Babel common definitions
\babel@savecnt=\count137
\U@D=\dimen147
)
\l@canadian = a dialect from \language\l@american 
\l@australian = a dialect from \language\l@british 
\l@newzealand = a dialect from \language\l@british 
)
("C:\Users\Marek\AppData\Local\Programs\MiKTeX 2.9\tex\latex\babel-english\engl
ish.ldf"
Language: english 2012/08/20 v3.3p English support from the babel system
))

Package Babel Warning: The package option `english' should not be used
(Babel)                with a more specific one (like `UKenglish') on input lin
e 43.


("C:\Users\Marek\AppData\Local\Programs\MiKTeX 2.9\tex\latex\hyperref\hyperref.
sty"
Package: hyperref 2016/05/05 v6.83n Hypertext links for LaTeX

("C:\Users\Marek\AppData\Local\Programs\MiKTeX 2.9\tex\generic\oberdiek\hobsub-
hyperref.sty"
Package: hobsub-hyperref 2016/05/16 v1.14 Bundle oberdiek, subset hyperref (HO)


("C:\Users\Marek\AppData\Local\Programs\MiKTeX 2.9\tex\generic\oberdiek\hobsub-
generic.sty"
Package: hobsub-generic 2016/05/16 v1.14 Bundle oberdiek, subset generic (HO)
Package: hobsub 2016/05/16 v1.14 Construct package bundles (HO)
Package: infwarerr 2016/05/16 v1.4 Providing info/warning/error messages (HO)
Package: ltxcmds 2016/05/16 v1.23 LaTeX kernel commands for general use (HO)
Package hobsub Info: Skipping package `ifluatex' (already loaded).
Package: ifvtex 2016/05/16 v1.6 Detect VTeX and its facilities (HO)
Package ifvtex Info: VTeX not detected.
Package: intcalc 2016/05/16 v1.2 Expandable calculations with integers (HO)
Package hobsub Info: Skipping package `ifpdf' (already loaded).
Package: etexcmds 2016/05/16 v1.6 Avoid name clashes with e-TeX commands (HO)
Package etexcmds Info: Could not find \expanded.
(etexcmds)             That can mean that you are not using pdfTeX 1.50 or
(etexcmds)             that some package has redefined \expanded.
(etexcmds)             In the latter case, load this package earlier.
Package: kvsetkeys 2016/05/16 v1.17 Key value parser (HO)
Package: kvdefinekeys 2016/05/16 v1.4 Define keys (HO)
Package: pdftexcmds 2016/05/10 v0.21 Utility functions of pdfTeX for LuaTeX (HO
)
Package pdftexcmds Info: LuaTeX not detected.
Package pdftexcmds Info: \pdf@primitive is available.
Package pdftexcmds Info: \pdf@ifprimitive is available.
Package pdftexcmds Info: \pdfdraftmode found.
Package: pdfescape 2016/05/16 v1.14 Implements pdfTeX's escape features (HO)
Package: bigintcalc 2016/05/16 v1.4 Expandable calculations on big integers (HO
)
Package: bitset 2016/05/16 v1.2 Handle bit-vector datatype (HO)
Package: uniquecounter 2016/05/16 v1.3 Provide unlimited unique counter (HO)
)
Package hobsub Info: Skipping package `hobsub' (already loaded).
Package: letltxmacro 2016/05/16 v1.5 Let assignment for LaTeX macros (HO)
Package: hopatch 2016/05/16 v1.3 Wrapper for package hooks (HO)
Package: xcolor-patch 2016/05/16 xcolor patch
Package: atveryend 2016/05/16 v1.9 Hooks at the very end of document (HO)
Package atveryend Info: \enddocument detected (standard20110627).
Package: atbegshi 2016/05/16 v1.17 At begin shipout hook (HO)
Package: refcount 2016/05/16 v3.5 Data extraction from label references (HO)
Package: hycolor 2016/05/16 v1.8 Color options for hyperref/bookmark (HO)
)
("C:\Users\Marek\AppData\Local\Programs\MiKTeX 2.9\tex\latex\graphics\keyval.st
y"
Package: keyval 2014/10/28 v1.15 key=value parser (DPC)
\KV@toks@=\toks22
)
("C:\Users\Marek\AppData\Local\Programs\MiKTeX 2.9\tex\latex\oberdiek\auxhook.s
ty"
Package: auxhook 2016/05/16 v1.4 Hooks for auxiliary files (HO)
)
("C:\Users\Marek\AppData\Local\Programs\MiKTeX 2.9\tex\latex\oberdiek\kvoptions
.sty"
Package: kvoptions 2016/05/16 v3.12 Key value format for package options (HO)
)
\@linkdim=\dimen148
\Hy@linkcounter=\count138
\Hy@pagecounter=\count139

("C:\Users\Marek\AppData\Local\Programs\MiKTeX 2.9\tex\latex\hyperref\pd1enc.de
f"
File: pd1enc.def 2016/05/05 v6.83n Hyperref: PDFDocEncoding definition (HO)
)
\Hy@SavedSpaceFactor=\count140

("C:\Users\Marek\AppData\Local\Programs\MiKTeX 2.9\tex\latex\00miktex\hyperref.
cfg"
File: hyperref.cfg 2002/06/06 v1.2 hyperref configuration of TeXLive
)
Package hyperref Info: Option `unicode' set `true' on input line 4322.

("C:\Users\Marek\AppData\Local\Programs\MiKTeX 2.9\tex\latex\hyperref\puenc.def
"
File: puenc.def 2016/05/05 v6.83n Hyperref: PDF Unicode definition (HO)
)
Package hyperref Info: Hyper figures OFF on input line 4446.
Package hyperref Info: Link nesting OFF on input line 4451.
Package hyperref Info: Hyper index ON on input line 4454.
Package hyperref Info: Plain pages OFF on input line 4461.
Package hyperref Info: Backreferencing OFF on input line 4466.
Package hyperref Info: Implicit mode ON; LaTeX internals redefined.
Package hyperref Info: Bookmarks ON on input line 4691.
\c@Hy@tempcnt=\count141
 ("C:\Users\Marek\AppData\Local\Programs\MiKTeX 2.9\tex\latex\url\url.sty"
\Urlmuskip=\muskip10
Package: url 2013/09/16  ver 3.4  Verb mode for urls, etc.
)
LaTeX Info: Redefining \url on input line 5044.
\XeTeXLinkMargin=\dimen149
\Fld@menulength=\count142
\Field@Width=\dimen150
\Fld@charsize=\dimen151
Package hyperref Info: Hyper figures OFF on input line 6298.
Package hyperref Info: Link nesting OFF on input line 6303.
Package hyperref Info: Hyper index ON on input line 6306.
Package hyperref Info: backreferencing OFF on input line 6313.
Package hyperref Info: Link coloring OFF on input line 6318.
Package hyperref Info: Link coloring with OCG OFF on input line 6323.
Package hyperref Info: PDF/A mode OFF on input line 6328.
LaTeX Info: Redefining \ref on input line 6368.
LaTeX Info: Redefining \pageref on input line 6372.
\Hy@abspage=\count143
\c@Item=\count144
\c@Hfootnote=\count145
)
("C:\Users\Marek\AppData\Local\Programs\MiKTeX 2.9\tex\latex\memoir\memhfixc.st
y"
Package: memhfixc 2013/05/30 v1.17 nameref/hyperref package fixes for memoir cl
ass
\c@memhycontfloat=\count146
\c@Hpagenote=\count147
)

Package hyperref Message: Driver (autodetected): hpdftex.


("C:\Users\Marek\AppData\Local\Programs\MiKTeX 2.9\tex\latex\hyperref\hpdftex.d
ef"
File: hpdftex.def 2016/05/05 v6.83n Hyperref driver for pdfTeX
\Fld@listcount=\count148
\c@bookmark@seq@number=\count149

("C:\Users\Marek\AppData\Local\Programs\MiKTeX 2.9\tex\latex\oberdiek\rerunfile
check.sty"
Package: rerunfilecheck 2016/05/16 v1.8 Rerun checks for auxiliary files (HO)
Package uniquecounter Info: New unique counter `rerunfilecheck' on input line 2
82.
)
\Hy@SectionHShift=\skip185
)
("C:\Users\Marek\AppData\Local\Programs\MiKTeX 2.9\tex\latex\lm\lmodern.sty"
Package: lmodern 2009/10/30 v1.6 Latin Modern Fonts
LaTeX Font Info:    Overwriting symbol font `operators' in version `normal'
(Font)                  OT1/cmr/m/n --> OT1/lmr/m/n on input line 22.
LaTeX Font Info:    Overwriting symbol font `letters' in version `normal'
(Font)                  OML/cmm/m/it --> OML/lmm/m/it on input line 23.
LaTeX Font Info:    Overwriting symbol font `symbols' in version `normal'
(Font)                  OMS/cmsy/m/n --> OMS/lmsy/m/n on input line 24.
LaTeX Font Info:    Overwriting symbol font `largesymbols' in version `normal'
(Font)                  OMX/cmex/m/n --> OMX/lmex/m/n on input line 25.
LaTeX Font Info:    Overwriting symbol font `operators' in version `bold'
(Font)                  OT1/cmr/bx/n --> OT1/lmr/bx/n on input line 26.
LaTeX Font Info:    Overwriting symbol font `letters' in version `bold'
(Font)                  OML/cmm/b/it --> OML/lmm/b/it on input line 27.
LaTeX Font Info:    Overwriting symbol font `symbols' in version `bold'
(Font)                  OMS/cmsy/b/n --> OMS/lmsy/b/n on input line 28.
LaTeX Font Info:    Overwriting symbol font `largesymbols' in version `bold'
(Font)                  OMX/cmex/m/n --> OMX/lmex/m/n on input line 29.
LaTeX Font Info:    Overwriting math alphabet `\mathbf' in version `normal'
(Font)                  OT1/cmr/bx/n --> OT1/lmr/bx/n on input line 31.
LaTeX Font Info:    Overwriting math alphabet `\mathsf' in version `normal'
(Font)                  OT1/cmss/m/n --> OT1/lmss/m/n on input line 32.
LaTeX Font Info:    Overwriting math alphabet `\mathit' in version `normal'
(Font)                  OT1/cmr/m/it --> OT1/lmr/m/it on input line 33.
LaTeX Font Info:    Overwriting math alphabet `\mathtt' in version `normal'
(Font)                  OT1/cmtt/m/n --> OT1/lmtt/m/n on input line 34.
LaTeX Font Info:    Overwriting math alphabet `\mathbf' in version `bold'
(Font)                  OT1/cmr/bx/n --> OT1/lmr/bx/n on input line 35.
LaTeX Font Info:    Overwriting math alphabet `\mathsf' in version `bold'
(Font)                  OT1/cmss/bx/n --> OT1/lmss/bx/n on input line 36.
LaTeX Font Info:    Overwriting math alphabet `\mathit' in version `bold'
(Font)                  OT1/cmr/bx/it --> OT1/lmr/bx/it on input line 37.
LaTeX Font Info:    Overwriting math alphabet `\mathtt' in version `bold'
(Font)                  OT1/cmtt/m/n --> OT1/lmtt/m/n on input line 38.
)

******************************************************
Stock height and width: 845.04684pt by 597.50787pt
Top and edge trims: 0pt and 0pt
Page height and width: 845.04684pt by 597.50787pt
Text height and width: 595.80026pt by 369pt
Spine and edge margins: 113.81102pt and 114.69685pt
Upper and lower margins: 126.74379pt and 122.50279pt
Headheight and headsep: 13.6pt and 19.8738pt
Footskip: 27.46295pt
Columnsep and columnseprule: 10pt and 0pt
Marginparsep and marginparwidth: 7pt and 100.69685pt
Sidecapsep and sidecapwidth: 7pt and 101pt
Sidebarhsep and sidebarwidth: 7pt and 101pt
Sidebarvsep and sidebartopsep: 13.6pt and 0pt
Sidebarheight: 594.32022pt
Sidefoothsep and sidefootwidth: 7pt and 101pt
Sidefootvsep and sidefootheight: 13.6pt and 594.32022pt
******************************************************


("C:\Users\Marek\AppData\Local\Programs\MiKTeX 2.9\tex\latex\etoolbox\etoolbox.
sty"
Package: etoolbox 2015/08/02 v2.2a e-TeX tools for LaTeX (JAW)
\etb@tempcnta=\count150
))
("C:\Users\Marek\AppData\Local\Programs\MiKTeX 2.9\tex\latex\graphics\graphicx.
sty"
Package: graphicx 2014/10/28 v1.0g Enhanced LaTeX Graphics (DPC,SPQR)

("C:\Users\Marek\AppData\Local\Programs\MiKTeX 2.9\tex\latex\graphics\graphics.
sty"
Package: graphics 2016/05/09 v1.0r Standard LaTeX Graphics (DPC,SPQR)

("C:\Users\Marek\AppData\Local\Programs\MiKTeX 2.9\tex\latex\graphics\trig.sty"
Package: trig 2016/01/03 v1.10 sin cos tan (DPC)
)
("C:\Users\Marek\AppData\Local\Programs\MiKTeX 2.9\tex\latex\00miktex\graphics.
cfg"
File: graphics.cfg 2016/01/02 v1.10 sample graphics configuration
)
Package graphics Info: Driver file: pdftex.def on input line 96.

("C:\Users\Marek\AppData\Local\Programs\MiKTeX 2.9\tex\latex\pdftex-def\pdftex.
def"
File: pdftex.def 2011/05/27 v0.06d Graphics/color for pdfTeX
\Gread@gobject=\count151
))
\Gin@req@height=\dimen152
\Gin@req@width=\dimen153
)
("C:\Users\Marek\AppData\Local\Programs\MiKTeX 2.9\tex\latex\amsmath\amsmath.st
y"
Package: amsmath 2016/03/10 v2.15b AMS math features
\@mathmargin=\skip186

For additional information on amsmath, use the `?' option.

("C:\Users\Marek\AppData\Local\Programs\MiKTeX 2.9\tex\latex\amsmath\amstext.st
y"
Package: amstext 2000/06/29 v2.01 AMS text

("C:\Users\Marek\AppData\Local\Programs\MiKTeX 2.9\tex\latex\amsmath\amsgen.sty
"
File: amsgen.sty 1999/11/30 v2.0 generic functions
\@emptytoks=\toks23
\ex@=\dimen154
))
("C:\Users\Marek\AppData\Local\Programs\MiKTeX 2.9\tex\latex\amsmath\amsbsy.sty
"
Package: amsbsy 1999/11/29 v1.2d Bold Symbols
\pmbraise@=\dimen155
)
("C:\Users\Marek\AppData\Local\Programs\MiKTeX 2.9\tex\latex\amsmath\amsopn.sty
"
Package: amsopn 2016/03/08 v2.02 operator names
)
\inf@bad=\count152
LaTeX Info: Redefining \frac on input line 199.
\uproot@=\count153
\leftroot@=\count154
LaTeX Info: Redefining \overline on input line 297.
\classnum@=\count155
\DOTSCASE@=\count156
LaTeX Info: Redefining \ldots on input line 394.
LaTeX Info: Redefining \dots on input line 397.
LaTeX Info: Redefining \cdots on input line 518.
\Mathstrutbox@=\box29
\strutbox@=\box30
\big@size=\dimen156
LaTeX Font Info:    Redeclaring font encoding OML on input line 634.
LaTeX Font Info:    Redeclaring font encoding OMS on input line 635.
\macc@depth=\count157
\c@MaxMatrixCols=\count158
\dotsspace@=\muskip11
\c@parentequation=\count159
\dspbrk@lvl=\count160
\tag@help=\toks24
\row@=\count161
\column@=\count162
\maxfields@=\count163
\andhelp@=\toks25
\eqnshift@=\dimen157
\alignsep@=\dimen158
\tagshift@=\dimen159
\tagwidth@=\dimen160
\totwidth@=\dimen161
\lineht@=\dimen162
\@envbody=\toks26
\multlinegap=\skip187
\multlinetaggap=\skip188
\mathdisplay@stack=\toks27
LaTeX Info: Redefining \[ on input line 2739.
LaTeX Info: Redefining \] on input line 2740.
)
("C:\Users\Marek\AppData\Local\Programs\MiKTeX 2.9\tex\generic\genmisc\kborderm
atrix.sty"
Package: kbordermatrix 2011/09/21 Bordered matrix with brackets
\kbcolsep=\skip189
\kbrowsep=\skip190
\br@kwd=\skip191
\k@bordht=\skip192
)
("C:\Users\Marek\AppData\Local\Programs\MiKTeX 2.9\tex\latex\amsfonts\amssymb.s
ty"
Package: amssymb 2013/01/14 v3.01 AMS font symbols

("C:\Users\Marek\AppData\Local\Programs\MiKTeX 2.9\tex\latex\amsfonts\amsfonts.
sty"
Package: amsfonts 2013/01/14 v3.01 Basic AMSFonts support
\symAMSa=\mathgroup4
\symAMSb=\mathgroup5
LaTeX Font Info:    Overwriting math alphabet `\mathfrak' in version `bold'
(Font)                  U/euf/m/n --> U/euf/b/n on input line 106.
))
("C:\Users\Marek\AppData\Local\Programs\MiKTeX 2.9\tex\latex\enumitem\enumitem.
sty"
Package: enumitem 2011/09/28 v3.5.2 Customized lists
\labelindent=\skip193
\enit@outerparindent=\dimen163
\enit@toks=\toks28
\enit@inbox=\box31
\enitdp@description=\count164
)
("C:\Users\Marek\AppData\Local\Programs\MiKTeX 2.9\tex\latex\dirtree\dirtree.st
y"
Package: dirtree 2012/12/11 v0.32 package wrapper for dirtree

("C:\Users\Marek\AppData\Local\Programs\MiKTeX 2.9\tex\generic\dirtree\dirtree.
tex" `dirtree' v0.32, 2012/12/11 (jcc)
\DT@offset=\dimen164
\DT@width=\dimen165
\DT@sep=\dimen166
\DT@all=\dimen167
\DT@rulewidth=\dimen168
\DT@dotwidth=\dimen169
\DTbaselineskip=\dimen170
\DT@counti=\count165
\DT@countii=\count166
\DT@countiii=\count167
\DT@countiv=\count168
\DT@indent=\dimen171
\DT@parskip=\dimen172
\DT@baselineskip=\dimen173
)
File: dirtree.tex 2012/12/11 v0.32 `dirtree' (jcc)
) (MT_Lukas_Koc.aux)
\openout1 = `MT_Lukas_Koc.aux'.

LaTeX Font Info:    Checking defaults for OML/cmm/m/it on input line 52.
LaTeX Font Info:    ... okay on input line 52.
LaTeX Font Info:    Checking defaults for T1/cmr/m/n on input line 52.
LaTeX Font Info:    ... okay on input line 52.
LaTeX Font Info:    Checking defaults for OT1/cmr/m/n on input line 52.
LaTeX Font Info:    ... okay on input line 52.
LaTeX Font Info:    Checking defaults for OMS/cmsy/m/n on input line 52.
LaTeX Font Info:    ... okay on input line 52.
LaTeX Font Info:    Checking defaults for OMX/cmex/m/n on input line 52.
LaTeX Font Info:    ... okay on input line 52.
LaTeX Font Info:    Checking defaults for U/cmr/m/n on input line 52.
LaTeX Font Info:    ... okay on input line 52.
LaTeX Font Info:    Checking defaults for PD1/pdf/m/n on input line 52.
LaTeX Font Info:    ... okay on input line 52.
LaTeX Font Info:    Checking defaults for PU/pdf/m/n on input line 52.
LaTeX Font Info:    ... okay on input line 52.
LaTeX Font Info:    Try loading font information for OT1+lmr on input line 52.

("C:\Users\Marek\AppData\Local\Programs\MiKTeX 2.9\tex\latex\lm\ot1lmr.fd"
File: ot1lmr.fd 2009/10/30 v1.6 Font defs for Latin Modern
)
\AtBeginShipoutBox=\box32
Package hyperref Info: Link coloring OFF on input line 52.

("C:\Users\Marek\AppData\Local\Programs\MiKTeX 2.9\tex\latex\hyperref\nameref.s
ty"
Package: nameref 2012/10/27 v2.43 Cross-referencing by name of section

("C:\Users\Marek\AppData\Local\Programs\MiKTeX 2.9\tex\generic\oberdiek\gettitl
estring.sty"
Package: gettitlestring 2016/05/16 v1.5 Cleanup title references (HO)
)
\c@section@level=\count169
)
Redoing nameref's sectioning
Redoing nameref's label
LaTeX Info: Redefining \nameref on input line 52.
LaTeX Info: Redefining \ref on input line 52.
LaTeX Info: Redefining \pageref on input line 52.
LaTeX Info: Redefining \nameref on input line 52.
(MT_Lukas_Koc.out) (MT_Lukas_Koc.out)
\@outlinefile=\write4
\openout4 = `MT_Lukas_Koc.out'.


("C:\Users\Marek\AppData\Local\Programs\MiKTeX 2.9\tex\context\base\supp-pdf.mk
ii"
[Loading MPS to PDF converter (version 2006.09.02).]
\scratchcounter=\count170
\scratchdimen=\dimen174
\scratchbox=\box33
\nofMPsegments=\count171
\nofMParguments=\count172
\everyMPshowfont=\toks29
\MPscratchCnt=\count173
\MPscratchDim=\dimen175
\MPnumerator=\count174
\makeMPintoPDFobject=\count175
\everyMPtoPDFconversion=\toks30
)
("C:\Users\Marek\AppData\Local\Programs\MiKTeX 2.9\tex\latex\oberdiek\epstopdf-
base.sty"
Package: epstopdf-base 2016/05/15 v2.6 Base part for package epstopdf

("C:\Users\Marek\AppData\Local\Programs\MiKTeX 2.9\tex\latex\oberdiek\grfext.st
y"
Package: grfext 2016/05/16 v1.2 Manage graphics extensions (HO)
)
Package grfext Info: Graphics extension search list:
(grfext)             [.png,.pdf,.jpg,.mps,.jpeg,.jbig2,.jb2,.PNG,.PDF,.JPG,.JPE
G,.JBIG2,.JB2,.eps]
(grfext)             \AppendGraphicsExtensions on input line 456.
) [1


{C:/Users/Marek/AppData/Local/MiKTeX/2.9/pdftex/config/pdftex.map}]
[2

]
LaTeX Font Info:    Try loading font information for OML+lmm on input line 52.
 ("C:\Users\Marek\AppData\Local\Programs\MiKTeX 2.9\tex\latex\lm\omllmm.fd"
File: omllmm.fd 2009/10/30 v1.6 Font defs for Latin Modern
)
LaTeX Font Info:    Try loading font information for OMS+lmsy on input line 52.

("C:\Users\Marek\AppData\Local\Programs\MiKTeX 2.9\tex\latex\lm\omslmsy.fd"
File: omslmsy.fd 2009/10/30 v1.6 Font defs for Latin Modern
)
LaTeX Font Info:    Try loading font information for OMX+lmex on input line 52.


("C:\Users\Marek\AppData\Local\Programs\MiKTeX 2.9\tex\latex\lm\omxlmex.fd"
File: omxlmex.fd 2009/10/30 v1.6 Font defs for Latin Modern
)
LaTeX Font Info:    External font `lmex10' loaded for size
(Font)              <10.95> on input line 52.
LaTeX Font Info:    External font `lmex10' loaded for size
(Font)              <8> on input line 52.
LaTeX Font Info:    External font `lmex10' loaded for size
(Font)              <6> on input line 52.
LaTeX Font Info:    Try loading font information for U+msa on input line 52.

("C:\Users\Marek\AppData\Local\Programs\MiKTeX 2.9\tex\latex\amsfonts\umsa.fd"
File: umsa.fd 2013/01/14 v3.01 AMS symbols A
)
LaTeX Font Info:    Try loading font information for U+msb on input line 52.
("C:\Users\Marek\AppData\Local\Programs\MiKTeX 2.9\tex\latex\amsfonts\umsb.fd"
File: umsb.fd 2013/01/14 v3.01 AMS symbols B
) <cvut-logo-bw.pdf, id=77, 91.34125pt x 69.25874pt>
File: cvut-logo-bw.pdf Graphic file (type pdf)
 <use cvut-logo-bw.pdf>
Package pdftex.def Info: cvut-logo-bw.pdf used on input line 52.
(pdftex.def)             Requested size: 59.04135pt x 44.76717pt.
pdfTeX warning (ext4): destination with the same identifier (name{page.i}) has 
been already used, duplicate ignored
<to be read again> 
                   \relax 
l.52 \begin{document}
                      [1 <./cvut-logo-bw.pdf>]pdfTeX warning (ext4): destinatio
n with the same identifier (name{page.ii}) has been already used, duplicate ign
ored
<to be read again> 
                   \relax 
l.52 \begin{document}
                      [2

]

LaTeX Font Warning: Font shape `OT1/lmr/bx/sc' undefined
(Font)              using `OT1/lmr/bx/n' instead on input line 52.

LaTeX Font Info:    Try loading font information for OT1+lmss on input line 52.

("C:\Users\Marek\AppData\Local\Programs\MiKTeX 2.9\tex\latex\lm\ot1lmss.fd"
File: ot1lmss.fd 2009/10/30 v1.6 Font defs for Latin Modern
)

LaTeX Font Warning: Font shape `OT1/lmss/bx/sc' undefined
(Font)              using `OT1/lmss/bx/n' instead on input line 52.

[5

] [6

] [7]
LaTeX Font Info:    Try loading font information for OMS+lmr on input line 52.

("C:\Users\Marek\AppData\Local\Programs\MiKTeX 2.9\tex\latex\lm\omslmr.fd"
File: omslmr.fd 2009/10/30 v1.6 Font defs for Latin Modern
)
LaTeX Font Info:    Font shape `OMS/lmr/m/n' in size <10.95> not available
(Font)              Font shape `OMS/lmsy/m/n' tried instead on input line 52.

[8

] [9

] [10

] (MT_Lukas_Koc.toc) [11] [12

] (MT_Lukas_Koc.lof) [13] [14

] [1


]
[2

] [3]
LaTeX Font Info:    External font `lmex10' loaded for size
(Font)              <9> on input line 114.
LaTeX Font Info:    External font `lmex10' loaded for size
(Font)              <5> on input line 114.
 [4] [5] <pics/RasterVectorPreview.jpg, id=203, 642.4pt x 475.7775pt>
File: pics/RasterVectorPreview.jpg Graphic file (type jpg)

<use pics/RasterVectorPreview.jpg>
Package pdftex.def Info: pics/RasterVectorPreview.jpg used on input line 163.
(pdftex.def)             Requested size: 295.20113pt x 218.63524pt.
 [6 <./pics/RasterVectorPreview.jpg>]
[7] [8

] <pics/GraphRep.png, id=223, 646.415pt x 275.0275pt>
File: pics/GraphRep.png Graphic file (type png)

<use pics/GraphRep.png>
Package pdftex.def Info: pics/GraphRep.png used on input line 223.
(pdftex.def)             Requested size: 295.20113pt x 125.59932pt.

Underfull \vbox (badness 1817) has occurred while \output is active []

 [9 <./pics/GraphRep.png>] [10] [11] [12] [13] [14

] [15] [16

] (MT_Lukas_Koc.bbl [17]
[18

]
bibitemlist
LaTeX Font Info:    Try loading font information for OT1+lmtt on input line 19.

("C:\Users\Marek\AppData\Local\Programs\MiKTeX 2.9\tex\latex\lm\ot1lmtt.fd"
File: ot1lmtt.fd 2009/10/30 v1.6 Font defs for Latin Modern
))
[19] [20

] [21] [22

] [23]
\tf@toc=\write5
\openout5 = `MT_Lukas_Koc.toc'.

\tf@lof=\write6
\openout6 = `MT_Lukas_Koc.lof'.

Package atveryend Info: Empty hook `BeforeClearDocument' on input line 420.
Package atveryend Info: Empty hook `AfterLastShipout' on input line 420.
 (MT_Lukas_Koc.aux)
Package atveryend Info: Executing hook `AtVeryEndDocument' on input line 420.
Package atveryend Info: Executing hook `AtEndAfterFileList' on input line 420.
Package rerunfilecheck Info: File `MT_Lukas_Koc.out' has not changed.
(rerunfilecheck)             Checksum: 2F3717087ABB37BD5EA3494C23F5AFF7;2247.


LaTeX Font Warning: Some font shapes were not available, defaults substituted.

Package atveryend Info: Empty hook `AtVeryVeryEnd' on input line 420.
 ) 
Here is how much of TeX's memory you used:
 14147 strings out of 493335
 198049 string characters out of 3130230
 326078 words of memory out of 3000000
 17434 multiletter control sequences out of 15000+200000
 76408 words of font info for 60 fonts, out of 3000000 for 9000
 1141 hyphenation exceptions out of 8191
 38i,13n,32p,1101b,447s stack positions out of 5000i,500n,10000p,200000b,50000s
{C:/Users/Marek/AppData/Local/Programs/MiKTeX 2.9/fonts/enc/dvips/lm/lm-rmtt.
enc}{C:/Users/Marek/AppData/Local/Programs/MiKTeX 2.9/fonts/enc/dvips/lm/lm-mat
hsy.enc}{C:/Users/Marek/AppData/Local/Programs/MiKTeX 2.9/fonts/enc/dvips/lm/lm
-mathex.enc}{C:/Users/Marek/AppData/Local/Programs/MiKTeX 2.9/fonts/enc/dvips/l
m/lm-mathit.enc}{C:/Users/Marek/AppData/Local/Programs/MiKTeX 2.9/fonts/enc/dvi
ps/lm/lm-rm.enc}{C:/Users/Marek/AppData/Local/Programs/MiKTeX 2.9/fonts/enc/dvi
ps/lm/lm-rmsc.enc}<C:/Users/Marek/AppData/Local/Programs/MiKTeX 2.9/fonts/type1
/public/lm/lmbx10.pfb><C:/Users/Marek/AppData/Local/Programs/MiKTeX 2.9/fonts/t
ype1/public/lm/lmbx12.pfb><C:/Users/Marek/AppData/Local/Programs/MiKTeX 2.9/fon
ts/type1/public/lm/lmbxi10.pfb><C:/Users/Marek/AppData/Local/Programs/MiKTeX 2.
9/fonts/type1/public/lm/lmcsc10.pfb><C:/Users/Marek/AppData/Local/Programs/MiKT
eX 2.9/fonts/type1/public/lm/lmex10.pfb><C:/Users/Marek/AppData/Local/Programs/
MiKTeX 2.9/fonts/type1/public/lm/lmmi10.pfb><C:/Users/Marek/AppData/Local/Progr
ams/MiKTeX 2.9/fonts/type1/public/lm/lmmi8.pfb><C:/Users/Marek/AppData/Local/Pr
ograms/MiKTeX 2.9/fonts/type1/public/lm/lmr10.pfb><C:/Users/Marek/AppData/Local
/Programs/MiKTeX 2.9/fonts/type1/public/lm/lmr12.pfb><C:/Users/Marek/AppData/Lo
cal/Programs/MiKTeX 2.9/fonts/type1/public/lm/lmr6.pfb><C:/Users/Marek/AppData/
Local/Programs/MiKTeX 2.9/fonts/type1/public/lm/lmr8.pfb><C:/Users/Marek/AppDat
a/Local/Programs/MiKTeX 2.9/fonts/type1/public/lm/lmr9.pfb><C:/Users/Marek/AppD
ata/Local/Programs/MiKTeX 2.9/fonts/type1/public/lm/lmri10.pfb><C:/Users/Marek/
AppData/Local/Programs/MiKTeX 2.9/fonts/type1/public/lm/lmssbx10.pfb><C:/Users/
Marek/AppData/Local/Programs/MiKTeX 2.9/fonts/type1/public/lm/lmsy10.pfb><C:/Us
ers/Marek/AppData/Local/Programs/MiKTeX 2.9/fonts/type1/public/lm/lmsy8.pfb><C:
/Users/Marek/AppData/Local/Programs/MiKTeX 2.9/fonts/type1/public/lm/lmtt10.pfb
><C:/Users/Marek/AppData/Local/Programs/MiKTeX 2.9/fonts/type1/public/amsfonts/
symbols/msbm10.pfb>
Output written on MT_Lukas_Koc.pdf (37 pages, 448105 bytes).
PDF statistics:
 397 PDF objects out of 1000 (max. 8388607)
 84 named destinations out of 1000 (max. 500000)
 144 words of extra memory for PDF output out of 10000 (max. 10000000)

